<?xml version="1.0" encoding="UTF-8"?>
<testsuite xmlns:xsi="http://www.w3.org/2001/XMLSchema-instance" xsi:noNamespaceSchemaLocation="https://maven.apache.org/surefire/maven-surefire-plugin/xsd/surefire-test-report-3.0.xsd" version="3.0" name="MtsOnlineTopUpTest" time="71.727" tests="6" errors="0" skipped="0" failures="0">
  <properties>
[...]
</properties>
  <testcase name="testMoreAboutServiceLink" classname="MtsOnlineTopUpTest" time="17.89">
    <system-out><![CDATA[Куки приняты
]]></system-out>
    <system-err><![CDATA[SLF4J(W): No SLF4J providers were found.
SLF4J(W): Defaulting to no-operation (NOP) logger implementation
SLF4J(W): See https://www.slf4j.org/codes.html#noProviders for further details.
июл. 14, 2025 11:28:12 PM org.openqa.selenium.devtools.CdpVersionFinder findNearestMatch
WARNING: Unable to find CDP implementation matching 138
июл. 14, 2025 11:28:12 PM org.openqa.selenium.chromium.ChromiumDriver lambda$new$5
WARNING: Unable to find version of CDP to use for 138.0.7204.101. You may need to include a dependency on a specific version of the CDP using something similar to `org.seleniumhq.selenium:selenium-devtools-v86:4.21.0` where the version ("v86") matches the version of the chromium-based browser you're using and the version number of the artifact is the same as Selenium's.
]]></system-err>
  </testcase>
  <testcase name="testPlaceholdersInAllForms" classname="MtsOnlineTopUpTest" time="11.972">
    <system-out><![CDATA[Куки приняты
Услуги связи → connection-phone → placeholder='Номер телефона'
Услуги связи → connection-sum → placeholder='Сумма'
Услуги связи → connection-email → placeholder='E-mail для отправки чека'
Задолженность → score-arrears → placeholder='Номер счета на 2073'
Задолженность → arrears-sum → placeholder='Сумма'
Задолженность → arrears-email → placeholder='E-mail для отправки чека'
Домашний интернет → internet-phone → placeholder='Номер абонента'
Домашний интернет → internet-sum → placeholder='Сумма'
Домашний интернет → internet-email → placeholder='E-mail для отправки чека'
Рассрочка → score-instalment → placeholder='Номер счета на 44'
Рассрочка → instalment-sum → placeholder='Сумма'
Рассрочка → instalment-email → placeholder='E-mail для отправки чека'
]]></system-out>
    <system-err><![CDATA[июл. 14, 2025 11:28:30 PM org.openqa.selenium.devtools.CdpVersionFinder findNearestMatch
WARNING: Unable to find CDP implementation matching 138
июл. 14, 2025 11:28:30 PM org.openqa.selenium.chromium.ChromiumDriver lambda$new$5
WARNING: Unable to find version of CDP to use for 138.0.7204.101. You may need to include a dependency on a specific version of the CDP using something similar to `org.seleniumhq.selenium:selenium-devtools-v86:4.21.0` where the version ("v86") matches the version of the chromium-based browser you're using and the version number of the artifact is the same as Selenium's.
]]></system-err>
  </testcase>
  <testcase name="testConfirmationDetailsForConnection" classname="MtsOnlineTopUpTest" time="14.801">
    <system-out><![CDATA[Куки приняты
Нажимаем 'Продолжить' для формы 'Услуги связи'
Ожидаем появления iframe с формой оплаты...
Внутри iframe — проверяем отображение данных
]]></system-out>
    <system-err><![CDATA[июл. 14, 2025 11:28:42 PM org.openqa.selenium.devtools.CdpVersionFinder findNearestMatch
WARNING: Unable to find CDP implementation matching 138
июл. 14, 2025 11:28:42 PM org.openqa.selenium.chromium.ChromiumDriver lambda$new$5
WARNING: Unable to find version of CDP to use for 138.0.7204.101. You may need to include a dependency on a specific version of the CDP using something similar to `org.seleniumhq.selenium:selenium-devtools-v86:4.21.0` where the version ("v86") matches the version of the chromium-based browser you're using and the version number of the artifact is the same as Selenium's.
]]></system-err>
  </testcase>
  <testcase name="testTopUpForm" classname="MtsOnlineTopUpTest" time="10.707">
    <system-out><![CDATA[Куки приняты
]]></system-out>
    <system-err><![CDATA[июл. 14, 2025 11:28:57 PM org.openqa.selenium.devtools.CdpVersionFinder findNearestMatch
WARNING: Unable to find CDP implementation matching 138
июл. 14, 2025 11:28:57 PM org.openqa.selenium.chromium.ChromiumDriver lambda$new$5
WARNING: Unable to find version of CDP to use for 138.0.7204.101. You may need to include a dependency on a specific version of the CDP using something similar to `org.seleniumhq.selenium:selenium-devtools-v86:4.21.0` where the version ("v86") matches the version of the chromium-based browser you're using and the version number of the artifact is the same as Selenium's.
]]></system-err>
  </testcase>
  <testcase name="testPaymentLogos" classname="MtsOnlineTopUpTest" time="7.993">
    <system-out><![CDATA[Куки приняты
]]></system-out>
    <system-err><![CDATA[июл. 14, 2025 11:29:07 PM org.openqa.selenium.devtools.CdpVersionFinder findNearestMatch
WARNING: Unable to find CDP implementation matching 138
июл. 14, 2025 11:29:07 PM org.openqa.selenium.chromium.ChromiumDriver lambda$new$5
WARNING: Unable to find version of CDP to use for 138.0.7204.101. You may need to include a dependency on a specific version of the CDP using something similar to `org.seleniumhq.selenium:selenium-devtools-v86:4.21.0` where the version ("v86") matches the version of the chromium-based browser you're using and the version number of the artifact is the same as Selenium's.
]]></system-err>
  </testcase>
  <testcase name="testBlockTitle" classname="MtsOnlineTopUpTest" time="8.327">
    <system-out><![CDATA[Куки приняты
]]></system-out>
    <system-err><![CDATA[июл. 14, 2025 11:29:15 PM org.openqa.selenium.devtools.CdpVersionFinder findNearestMatch
WARNING: Unable to find CDP implementation matching 138
июл. 14, 2025 11:29:15 PM org.openqa.selenium.chromium.ChromiumDriver lambda$new$5
WARNING: Unable to find version of CDP to use for 138.0.7204.101. You may need to include a dependency on a specific version of the CDP using something similar to `org.seleniumhq.selenium:selenium-devtools-v86:4.21.0` where the version ("v86") matches the version of the chromium-based browser you're using and the version number of the artifact is the same as Selenium's.
]]></system-err>
  </testcase>
</testsuite>